<?xml version="1.0" encoding="utf-8"?>
<TestRun id="8434a54f-c213-4740-8508-7f46baee25bf" name="zainh@MHPC-WORKSTATIO 2026-05-14 02:11:05" runUser="MHPC-WORKSTATIO\zainh" xmlns="http://microsoft.com/schemas/VisualStudio/TeamTest/2010">
  <Times creation="2026-05-14T02:11:05.9692306+02:00" queuing="2026-05-14T02:11:05.9692308+02:00" start="2026-05-14T02:11:05.5898922+02:00" finish="2026-05-14T02:11:05.9695915+02:00" />
  <TestSettings name="default" id="cf66c791-5250-43ea-a8a5-dcba1f254dc0">
    <Deployment runDeploymentRoot="zainh_MHPC-WORKSTATIO_2026-05-14_02_11_05" />
  </TestSettings>
  <TestLists>
    <TestList name="Ergebnisse nicht in einer Liste" id="8c84fa94-04c1-424b-9868-57a2d4851a1d" />
    <TestList name="Alle geladenen Ergebnisse" id="19431567-8539-422a-85d7-44ee4e166bda" />
  </TestLists>
  <ResultSummary outcome="Completed">
    <Counters total="0" executed="0" passed="0" failed="0" error="0" timeout="0" aborted="0" inconclusive="0" passedButRunAborted="0" notRunnable="0" notExecuted="0" disconnected="0" warning="0" completed="0" inProgress="0" pending="0" />
    <Output>
      <StdOut>NUnit Adapter 4.6.0.0: Test execution started&#xD;
Running all tests in D:\OpenSim-Data\opensim\OpenSim\DataS3\Tests\bin\Release\net8.0\OpenSim.DataS3.Tests.dll&#xD;
   NUnit failed to load D:\OpenSim-Data\opensim\OpenSim\DataS3\Tests\bin\Release\net8.0\OpenSim.DataS3.Tests.dll&#xD;
NUnit Adapter 4.6.0.0: Test execution complete&#xD;
</StdOut>
    </Output>
    <RunInfos>
      <RunInfo computerName="MHPC-WORKSTATIO" outcome="Warning" timestamp="2026-05-14T02:11:05.9235525+02:00">
        <Text>In "D:\OpenSim-Data\opensim\OpenSim\DataS3\Tests\bin\Release\net8.0\OpenSim.DataS3.Tests.dll" ist kein Test verfügbar. Stellen Sie sicher, dass die Testdiscoverer und -executors registriert und die Versionseinstellungen für Plattform und Framework richtig sind, und wiederholen Sie den Vorgang.</Text>
      </RunInfo>
    </RunInfos>
  </ResultSummary>
</TestRun>