<?xml version="1.0" encoding="utf-8"?>
<TestRun id="3e05c0e6-befb-4fe3-a6b4-5fd2dcf430e2" name="zainh@MHPC-WORKSTATIO 2026-05-14 02:10:49" runUser="MHPC-WORKSTATIO\zainh" xmlns="http://microsoft.com/schemas/VisualStudio/TeamTest/2010">
  <Times creation="2026-05-14T02:10:49.0534323+02:00" queuing="2026-05-14T02:10:49.0534326+02:00" start="2026-05-14T02:10:48.6730726+02:00" finish="2026-05-14T02:10:49.0537530+02:00" />
  <TestSettings name="default" id="f30bf1a1-7734-4fdd-95eb-f90074c5a22e">
    <Deployment runDeploymentRoot="zainh_MHPC-WORKSTATIO_2026-05-14_02_10_49" />
  </TestSettings>
  <TestLists>
    <TestList name="Ergebnisse nicht in einer Liste" id="8c84fa94-04c1-424b-9868-57a2d4851a1d" />
    <TestList name="Alle geladenen Ergebnisse" id="19431567-8539-422a-85d7-44ee4e166bda" />
  </TestLists>
  <ResultSummary outcome="Completed">
    <Counters total="0" executed="0" passed="0" failed="0" error="0" timeout="0" aborted="0" inconclusive="0" passedButRunAborted="0" notRunnable="0" notExecuted="0" disconnected="0" warning="0" completed="0" inProgress="0" pending="0" />
    <Output>
      <StdOut>NUnit Adapter 4.6.0.0: Test execution started&#xD;
Running all tests in D:\OpenSim-Data\opensim\OpenSim\DataS3\Tests\bin\Release\net8.0\OpenSim.DataS3.Tests.dll&#xD;
   NUnit failed to load D:\OpenSim-Data\opensim\OpenSim\DataS3\Tests\bin\Release\net8.0\OpenSim.DataS3.Tests.dll&#xD;
NUnit Adapter 4.6.0.0: Test execution complete&#xD;
</StdOut>
    </Output>
    <RunInfos>
      <RunInfo computerName="MHPC-WORKSTATIO" outcome="Warning" timestamp="2026-05-14T02:10:49.0063603+02:00">
        <Text>In "D:\OpenSim-Data\opensim\OpenSim\DataS3\Tests\bin\Release\net8.0\OpenSim.DataS3.Tests.dll" ist kein Test verfügbar. Stellen Sie sicher, dass die Testdiscoverer und -executors registriert und die Versionseinstellungen für Plattform und Framework richtig sind, und wiederholen Sie den Vorgang.</Text>
      </RunInfo>
    </RunInfos>
  </ResultSummary>
</TestRun>