<?xml version="1.0" encoding="utf-8"?>
<TestRun id="e3ebb85e-5bc8-478f-b292-30475b314a83" name="zainh@MHPC-WORKSTATIO 2026-05-14 02:10:29" runUser="MHPC-WORKSTATIO\zainh" xmlns="http://microsoft.com/schemas/VisualStudio/TeamTest/2010">
  <Times creation="2026-05-14T02:10:29.6330987+02:00" queuing="2026-05-14T02:10:29.6330990+02:00" start="2026-05-14T02:10:27.3798688+02:00" finish="2026-05-14T02:10:29.6334244+02:00" />
  <TestSettings name="default" id="0657fb79-1cb8-4444-8200-29654e2a9efe">
    <Deployment runDeploymentRoot="zainh_MHPC-WORKSTATIO_2026-05-14_02_10_29" />
  </TestSettings>
  <TestLists>
    <TestList name="Ergebnisse nicht in einer Liste" id="8c84fa94-04c1-424b-9868-57a2d4851a1d" />
    <TestList name="Alle geladenen Ergebnisse" id="19431567-8539-422a-85d7-44ee4e166bda" />
  </TestLists>
  <ResultSummary outcome="Completed">
    <Counters total="0" executed="0" passed="0" failed="0" error="0" timeout="0" aborted="0" inconclusive="0" passedButRunAborted="0" notRunnable="0" notExecuted="0" disconnected="0" warning="0" completed="0" inProgress="0" pending="0" />
    <Output>
      <StdOut>NUnit Adapter 4.6.0.0: Test execution started&#xD;
Running selected tests in D:\OpenSim-Data\opensim\OpenSim\DataS3\Tests\bin\Release\net8.0\OpenSim.DataS3.Tests.dll&#xD;
   NUnit failed to load D:\OpenSim-Data\opensim\OpenSim\DataS3\Tests\bin\Release\net8.0\OpenSim.DataS3.Tests.dll&#xD;
NUnit Adapter 4.6.0.0: Test execution complete&#xD;
</StdOut>
    </Output>
    <RunInfos>
      <RunInfo computerName="MHPC-WORKSTATIO" outcome="Warning" timestamp="2026-05-14T02:10:29.5837790+02:00">
        <Text>Kein Test entspricht dem angegebenen Testfallfilter "FullyQualifiedName~OpenSim.DataS3.Tests.UploadRateLimiterMultiUserTests" in "D:\OpenSim-Data\opensim\OpenSim\DataS3\Tests\bin\Release\net8.0\OpenSim.DataS3.Tests.dll".</Text>
      </RunInfo>
    </RunInfos>
  </ResultSummary>
</TestRun>